[17:37:43] [ServerMain/INFO]: Building unoptimized datafixer
[17:37:44] [ServerMain/INFO]: Environment: authHost='https://authserver.mojang.com', accountsHost='https://api.mojang.com', sessionHost='https://sessionserver.mojang.com', servicesHost='https://api.minecraftservices.com', name='PROD'
[17:37:45] [ServerMain/INFO]: Loaded 7 recipes
[17:37:45] [ServerMain/INFO]: Loaded 1179 advancements
[17:37:46] [Server thread/INFO]: Starting minecraft server version 1.19
[17:37:46] [Server thread/INFO]: Loading properties
[17:37:46] [Server thread/INFO]: Default game type: SURVIVAL
[17:37:46] [Server thread/INFO]: Generating keypair
[17:37:46] [Server thread/INFO]: Starting Minecraft server on *:25565
[17:37:46] [Server thread/INFO]: Using default channel type
[17:37:46] [Server thread/INFO]: Preparing level "world"
[17:37:56] [Server thread/INFO]: Preparing start region for dimension minecraft:overworld
[17:37:56] [Worker-Main-8/INFO]: Preparing spawn area: 0%
[17:37:56] [Worker-Main-4/INFO]: Preparing spawn area: 0%
[17:37:57] [Worker-Main-4/INFO]: Preparing spawn area: 0%
[17:37:57] [Worker-Main-8/INFO]: Preparing spawn area: 1%
[17:37:58] [Worker-Main-7/INFO]: Preparing spawn area: 4%
[17:37:58] [Worker-Main-9/INFO]: Preparing spawn area: 6%
[17:37:59] [Worker-Main-2/INFO]: Preparing spawn area: 9%
[17:37:59] [Worker-Main-3/INFO]: Preparing spawn area: 12%
[17:38:00] [Worker-Main-6/INFO]: Preparing spawn area: 15%
[17:38:00] [Worker-Main-10/INFO]: Preparing spawn area: 19%
[17:38:01] [Worker-Main-5/INFO]: Preparing spawn area: 22%
[17:38:01] [Worker-Main-11/INFO]: Preparing spawn area: 26%
[17:38:02] [Worker-Main-4/INFO]: Preparing spawn area: 30%
[17:38:02] [Worker-Main-3/INFO]: Preparing spawn area: 34%
[17:38:03] [Worker-Main-7/INFO]: Preparing spawn area: 37%
[17:38:03] [Worker-Main-9/INFO]: Preparing spawn area: 43%
[17:38:04] [Worker-Main-2/INFO]: Preparing spawn area: 47%
[17:38:04] [Worker-Main-7/INFO]: Preparing spawn area: 54%
[17:38:05] [Worker-Main-7/INFO]: Preparing spawn area: 57%
[17:38:05] [Worker-Main-6/INFO]: Preparing spawn area: 62%
[17:38:06] [Worker-Main-11/INFO]: Preparing spawn area: 68%
[17:38:06] [Worker-Main-1/INFO]: Preparing spawn area: 72%
[17:38:07] [Worker-Main-4/INFO]: Preparing spawn area: 77%
[17:38:07] [Worker-Main-1/INFO]: Preparing spawn area: 82%
[17:38:08] [Worker-Main-8/INFO]: Preparing spawn area: 86%
[17:38:08] [Worker-Main-3/INFO]: Preparing spawn area: 89%
[17:38:09] [Worker-Main-11/INFO]: Preparing spawn area: 94%
[17:38:09] [Server thread/INFO]: Time elapsed: 13412 ms
[17:38:09] [Server thread/INFO]: Done (22.914s)! For help, type "help"
[17:38:22] [Server thread/INFO]: <Server> hola
[17:38:33] [Server thread/INFO]: Stopping server
[17:38:33] [Server thread/INFO]: Saving players
[17:38:33] [Server thread/INFO]: Saving worlds
[17:38:34] [Server thread/INFO]: Saving chunks for level 'ServerLevel[world]'/minecraft:overworld
[17:38:36] [Server thread/INFO]: Saving chunks for level 'ServerLevel[world]'/minecraft:the_nether
[17:38:36] [Server thread/INFO]: Saving chunks for level 'ServerLevel[world]'/minecraft:the_end
[17:38:36] [Server thread/INFO]: ThreadedAnvilChunkStorage (world): All chunks are saved
[17:38:36] [Server thread/INFO]: ThreadedAnvilChunkStorage (DIM-1): All chunks are saved
[17:38:36] [Server thread/INFO]: ThreadedAnvilChunkStorage (DIM1): All chunks are saved
[17:38:36] [Server thread/INFO]: ThreadedAnvilChunkStorage: All dimensions are saved
