[17:41:49] [Server thread/INFO]: Starting minecraft server version 1.12.2
[17:41:49] [Server thread/INFO]: Loading properties
[17:41:49] [Server console handler/ERROR]: Exception handling console input
java.io.IOException: Controlador no válido
	at java.io.FileInputStream.readBytes(Native Method) ~[?:1.8.0_341]
	at java.io.FileInputStream.read(Unknown Source) ~[?:1.8.0_341]
	at java.io.BufferedInputStream.read1(Unknown Source) ~[?:1.8.0_341]
	at java.io.BufferedInputStream.read(Unknown Source) ~[?:1.8.0_341]
	at sun.nio.cs.StreamDecoder.readBytes(Unknown Source) ~[?:1.8.0_341]
	at sun.nio.cs.StreamDecoder.implRead(Unknown Source) ~[?:1.8.0_341]
	at sun.nio.cs.StreamDecoder.read(Unknown Source) ~[?:1.8.0_341]
	at java.io.InputStreamReader.read(Unknown Source) ~[?:1.8.0_341]
	at java.io.BufferedReader.fill(Unknown Source) ~[?:1.8.0_341]
	at java.io.BufferedReader.readLine(Unknown Source) ~[?:1.8.0_341]
	at java.io.BufferedReader.readLine(Unknown Source) ~[?:1.8.0_341]
	at nz$2.run(SourceFile:100) [minecraft-1.12.2-server.jar:?]
[17:41:49] [Server thread/INFO]: Default game type: SURVIVAL
[17:41:49] [Server thread/INFO]: Generating keypair
[17:41:49] [Server thread/INFO]: Starting Minecraft server on *:25565
[17:41:49] [Server thread/INFO]: Using default channel type
[17:41:50] [Server thread/INFO]: Preparing level "world"
[17:41:50] [Server thread/INFO]: Loaded 488 advancements
[17:41:50] [Server thread/INFO]: Preparing start region for level 0
[17:41:51] [Server thread/INFO]: Preparing spawn area: 16%
[17:41:52] [Server thread/INFO]: Preparing spawn area: 38%
[17:41:53] [Server thread/INFO]: Preparing spawn area: 60%
[17:41:54] [Server thread/INFO]: Preparing spawn area: 86%
[17:41:55] [Server thread/INFO]: Done (4,943s)! For help, type "help" or "?"
[17:41:56] [Server thread/INFO]: Stopping server
[17:41:56] [Server thread/INFO]: Saving players
[17:41:56] [Server thread/INFO]: Saving worlds
[17:41:56] [Server thread/INFO]: Saving chunks for level 'world'/overworld
[17:41:56] [Server Shutdown Thread/INFO]: Stopping server
